1539552989291	geckodriver	INFO	geckodriver 0.21.0
1539552989308	geckodriver	INFO	Listening on 127.0.0.1:63015
1539552992305	mozrunner::runner	INFO	Running command: "C:\\Program Files\\Mozilla Firefox\\firefox.exe" "-marionette" "-foreground" "-no-remote" "-profile" "C:\\Users\\Ofri\\AppData\\Local\\Temp\\rust_mozprofile.3hvRJYtW88Qz"
Unable to read VR Path Registry from C:\Users\Ofri\AppData\Local\openvr\openvrpaths.vrpath
1539552994392	Marionette	INFO	Enabled via --marionette
Unable to read VR Path Registry from C:\Users\Ofri\AppData\Local\openvr\openvrpaths.vrpath
Unable to read VR Path Registry from C:\Users\Ofri\AppData\Local\openvr\openvrpaths.vrpath
1539553007636	Marionette	INFO	Listening on port 63030
1539553007700	Marionette	WARN	TLS certificate errors will be ignored for this session
Unable to read VR Path Registry from C:\Users\Ofri\AppData\Local\openvr\openvrpaths.vrpath
Unable to read VR Path Registry from C:\Users\Ofri\AppData\Local\openvr\openvrpaths.vrpath
Unable to read VR Path Registry from C:\Users\Ofri\AppData\Local\openvr\openvrpaths.vrpath
[Child 2660, Chrome_ChildThread] WARNING: pipe error: 109: file z:/build/build/src/ipc/chromium/src/chrome/common/ipc_channel_win.cc, line 346
[Child 2660, Chrome_C[Parent 16436, Gecko_IOThread] WARNING: pipe error: 109: file z:/build/build/src/ipc/chromium/src/chrome/common/ipc_channel_win.cc, line 346
[Child 10676, Chrome_ChildThread] WARNING: pipe error: 109: file z:/build/build/src/ipc/chromium/src/chrome/common/ipc_channel_win.cc, line 346
[Child 10676, Chrome_ChildThread] WARNING: pipe error: 109: fil*** UTM:SVC TimerManager:registerTimer called after profile-before-change notification. Ignoring timer registration for id: telemetry_modules_ping

###!!! [Child][MessageChannel::SendAndWait] Error: Channel error: cannot send/recv

ssionstore/SessionFile.jsm:337:12
_postToWorker@resource:///modules/sessionstore/SessionFile.jsm:361:11
write@resource:///modules/sessionstore/SessionFile.jsm:401:19
write@resource:///modules/sessionstore/SessionFile.jsm:73:12
_writeState@resource:///modules/sessionstore/SessionSaver.jsm:363:12
_saveState@resource:///modules/sessionstore/SessionSaver.jsm:301:12
_saveStateAsync@resource:///modules/sessionstore/SessionSaver.jsm:347:5
saveStateAsyncWhenIdle@resource:///modules/sessionstore/SessionSaver.jsm:198:9

1539551458578	Marionette	INFO	Listening on port 58814
Unable to read VR Path Registry from C:\Users\Ofri\AppData\Local\openvr\openvrpaths.vrpath
[GFX1-]: Could not get a DXGI adapter
1539551460568	Marionette	WARN	TLS certificate errors will be ignored for this session
Unable to read VR Path Registry from C:\Users\Ofri\AppData\Local\openvr\openvrpaths.vrpath
[GFX1-]: Could not get a DXGI adapter
[Parent 1872, Gecko_IOThread] WARNING: pipe error: 109: file z:/build/build/src/ipc/chromium/src/chrome/common/ipc_channel_win.cc, line 346
[Parent 1872, Gecko_IOThread] WARNING: pipe error: 109: file z:/build/build/src/ipc/chromium/src/chrome/common/ipc_channel_win.cc, line 346
[Child 15368, Chrome_ChildThread] WARNING: pipe error: 109: file z:/build/build/src/ipc/chromium/src/chrome/common/ipc_channel_win.cc, line 346
[Child 6996, Chrome_ChildThread] WARNING: pipe error: 109: file z:/build/build/src/ipc/chromium/src/chrome/common/ipc_channel_win.cc, line 346
[Child 6996, Chrome_ChildThr[Parent 1872, Gecko_IOThread] WARNING: pipe error: 109: file z:/build/build/src/ipc/chromium/src/chrome/common/ipc_channel_win.cc, line 346
*** UTM:SVC TimerManager:registerTimer called after profile-before-change notification. Ignoring timer registration for id: telemetry_modules_ping
er=193b3653c00 Decode error: NS_ERROR_DOM_MEDIA_METADATA_ERR (0x806e0006) - class mozilla::MP4Metadata::ResultAndType<class RefPtr<class mozilla::MediaByteBuffer> > __cdecl mozilla::MP4Metadata::Metadata(class mozilla::ByteStream *): Cannot parse metadata: file z:/build/build/src/dom/media/MediaDecoderStateMachine.cpp, line 3453
Unable to read VR Path Registry from C:\Users\Ofri\AppData\Local\openvr\openvrpaths.vrpath
Unable to read VR Path Registry from C:\Users\Ofri\AppData\Local\openvr\openvrpaths.vrpath
[Child 31192, Chrome_ChildThread] WARNING: pipe error: 109: file z:/build/build/src/ipc/chromium/src/chrome/common/ipc_channel_win.cc, line 346
[Child 27524, Chrome_ChildThread] WARNING: pipe error: 109: file z:/build/build/src/ipc/chromium/src/chrome/common/ipc_channel_win.cc, line 346
[Child 27524, Chro[Parent 25192, Gecko_IOThread] WARNING: pipe error: 109: file z:/build/build/src/ipc/chromium/src/chrome/common/ipc_channel_win.cc, line 346
[Child 16508, Chrome_ChildThread] WARNING: pipe error: 109: file z:/build/build/src/ipc/chromium/src/chrome/common/ipc_channel_win.cc, line 346
[Child 16508, C
###!!! [Child][MessageChannel::SendAndWait] Error: Channel error: cannot send/recv

